************* Module continuous_tense_conversion
tense_conversion\continuous_tense_conversion.py:55: [C0301(line-too-long), ] Line too long (106/100)
tense_conversion\continuous_tense_conversion.py:59: [C0301(line-too-long), ] Line too long (117/100)
tense_conversion\continuous_tense_conversion.py:64: [C0301(line-too-long), ] Line too long (118/100)
tense_conversion\continuous_tense_conversion.py:69: [C0301(line-too-long), ] Line too long (116/100)
tense_conversion\continuous_tense_conversion.py:84: [C0330(bad-continuation), ] Wrong hanging indentation (add 4 spaces).
                sentense[root_verb + 1:]).strip()

                ^   |
tense_conversion\continuous_tense_conversion.py:88: [C0330(bad-continuation), ] Wrong hanging indentation (add 4 spaces).
            sentense[root_verb + 1:]).strip()

            ^   |
tense_conversion\continuous_tense_conversion.py:96: [C0330(bad-continuation), ] Wrong hanging indentation (add 4 spaces).
                sentense[root_verb + 1:]).strip()

                ^   |
tense_conversion\continuous_tense_conversion.py:100: [C0301(line-too-long), ] Line too long (106/100)
tense_conversion\continuous_tense_conversion.py:101: [C0330(bad-continuation), ] Wrong hanging indentation (add 4 spaces).
            sentense[root_verb + 1:]).strip()

            ^   |
tense_conversion\continuous_tense_conversion.py:109: [C0330(bad-continuation), ] Wrong hanging indentation (add 4 spaces).
                sentense[root_verb + 1:]).strip()

                ^   |
tense_conversion\continuous_tense_conversion.py:113: [C0330(bad-continuation), ] Wrong hanging indentation (add 4 spaces).
            sentense[root_verb + 1:]).strip()

            ^   |
tense_conversion\continuous_tense_conversion.py:9: [C0103(invalid-name), ] Constant name "nlp" doesn't conform to UPPER_CASE naming style
tense_conversion\continuous_tense_conversion.py:12: [R0205(useless-object-inheritance), ContinuousTenseConversion] Class 'ContinuousTenseConversion' inherits from object, can be safely removed from bases in python3
tense_conversion\continuous_tense_conversion.py:30: [C0200(consider-using-enumerate), ContinuousTenseConversion.continuous_tense_con] Consider using enumerate instead of iterating with range and len
tense_conversion\continuous_tense_conversion.py:33: [R0123(literal-comparison), ContinuousTenseConversion.continuous_tense_con] Comparison to literal
tense_conversion\continuous_tense_conversion.py:55: [R1719(simplifiable-if-expression), ContinuousTenseConversion.continuous_tense_con] The if expression can be replaced with 'test'
tense_conversion\continuous_tense_conversion.py:58: [R0123(literal-comparison), ContinuousTenseConversion.continuous_tense_con] Comparison to literal
tense_conversion\continuous_tense_conversion.py:30: [R1702(too-many-nested-blocks), ContinuousTenseConversion.continuous_tense_con] Too many nested blocks (6/5)
tense_conversion\continuous_tense_conversion.py:72: [C0200(consider-using-enumerate), ContinuousTenseConversion.continuous_tense_con] Consider using enumerate instead of iterating with range and len

------------------------------------------------------------------

Your code has been rated at 5.87/10 (previous run: 6.00/10, -0.13)


