************* Module fact_detection
fact_detection.py:56: [C0301(line-too-long), ] Line too long (111/100)
fact_detection.py:83: [C0301(line-too-long), ] Line too long (106/100)
fact_detection.py:1: [C0114(missing-module-docstring), ] Missing module docstring
fact_detection.py:1: [W0622(redefined-builtin), ] Redefining built-in 'dict'
fact_detection.py:5: [C0103(invalid-name), ] Constant name "nlp" doesn't conform to UPPER_CASE naming style
fact_detection.py:6: [C0413(wrong-import-position), ] Import "import sent_modify_fact_detection" should be placed at the top of the module
fact_detection.py:7: [C0413(wrong-import-position), ] Import "from spacy.matcher import PhraseMatcher" should be placed at the top of the module
fact_detection.py:10: [C0103(invalid-name), fact_detection] Class name "fact_detection" doesn't conform to PascalCase naming style
fact_detection.py:10: [C0115(missing-class-docstring), fact_detection] Missing class docstring
fact_detection.py:19: [C0116(missing-function-docstring), fact_detection.detect_by_colon] Missing function or method docstring
fact_detection.py:21: [C0200(consider-using-enumerate), fact_detection.detect_by_colon] Consider using enumerate instead of iterating with range and len
fact_detection.py:31: [C0116(missing-function-docstring), fact_detection.detect_by_semicolon] Missing function or method docstring
fact_detection.py:33: [C0200(consider-using-enumerate), fact_detection.detect_by_semicolon] Consider using enumerate instead of iterating with range and len
fact_detection.py:48: [C0116(missing-function-docstring), fact_detection.detect_by_quotes] Missing function or method docstring
fact_detection.py:50: [C0200(consider-using-enumerate), fact_detection.detect_by_quotes] Consider using enumerate instead of iterating with range and len
fact_detection.py:64: [C0116(missing-function-docstring), fact_detection.detect_by_phrase_matching] Missing function or method docstring
fact_detection.py:77: [C0200(consider-using-enumerate), fact_detection.detect_by_phrase_matching] Consider using enumerate instead of iterating with range and len
fact_detection.py:2: [C0411(wrong-import-order), ] standard import "import re" should be placed before "import Model.fact_dict as dict"
fact_detection.py:3: [C0411(wrong-import-order), ] third party import "import spacy" should be placed before "import Model.fact_dict as dict"
fact_detection.py:7: [C0411(wrong-import-order), ] third party import "from spacy.matcher import PhraseMatcher" should be placed before "import Model.fact_dict as dict"

------------------------------------------------------------------

Your code has been rated at 5.92/10 (previous run: 5.92/10, +0.00)


